<?xml version="1.0" encoding="UTF-8"?>
<!-- Generated by org.testng.reporters.JUnitReportReporter -->
<testsuite hostname="tabish" failures="0" tests="1" name="junegit.test0" time="7.889" errors="0" timestamp="2023-07-18T14:16:53 IST" skipped="0">
  <testcase classname="junegit.test0" name="metd" time="7.889"/>
  <system-out>
    <![CDATA[Logs easily accessable
Chrome launched successfully
site open successfully]]>
  </system-out>
</testsuite> <!-- junegit.test0 -->
